[debug] [2026-01-13T11:27:16.153Z] ----------------------------------------------------------------------
[debug] [2026-01-13T11:27:16.156Z] Command:       C:\Program Files\nodejs\node.exe C:\Users\harik\AppData\Roaming\npm\node_modules\firebase-tools\lib\bin\firebase.js projects:list
[debug] [2026-01-13T11:27:16.156Z] CLI Version:   15.1.0
[debug] [2026-01-13T11:27:16.156Z] Platform:      win32
[debug] [2026-01-13T11:27:16.156Z] Node Version:  v22.20.0
[debug] [2026-01-13T11:27:16.157Z] Time:          Tue Jan 13 2026 16:57:16 GMT+0530 (India Standard Time)
[debug] [2026-01-13T11:27:16.157Z] ----------------------------------------------------------------------
[debug] 
[debug] [2026-01-13T11:27:16.160Z] >>> [apiv2][query] GET https://firebase-public.firebaseio.com/cli.json [none]
[debug] [2026-01-13T11:27:16.440Z] > command requires scopes: ["email","openid","https://www.googleapis.com/auth/cloudplatformprojects.readonly","https://www.googleapis.com/auth/firebase","https://www.googleapis.com/auth/cloud-platform"]
[debug] [2026-01-13T11:27:16.440Z] > authorizing via signed-in user (zestacademyonline@gmail.com)
[debug] [2026-01-13T11:27:16.444Z] Checked if tokens are valid: false, expires at: 1767250793203
[debug] [2026-01-13T11:27:16.444Z] Checked if tokens are valid: false, expires at: 1767250793203
[debug] [2026-01-13T11:27:16.444Z] > refreshing access token with scopes: []
[debug] [2026-01-13T11:27:16.449Z] >>> [apiv2][query] POST https://www.googleapis.com/oauth2/v3/token [none]
[debug] [2026-01-13T11:27:16.449Z] >>> [apiv2][body] POST https://www.googleapis.com/oauth2/v3/token [omitted]
[debug] [2026-01-13T11:27:17.188Z] <<< [apiv2][status] GET https://firebase-public.firebaseio.com/cli.json 200
[debug] [2026-01-13T11:27:17.189Z] <<< [apiv2][body] GET https://firebase-public.firebaseio.com/cli.json {"cloudBuildErrorAfter":1594252800000,"cloudBuildWarnAfter":1590019200000,"defaultNode10After":1594252800000,"minVersion":"3.0.5","node8DeploysDisabledAfter":1613390400000,"node8RuntimeDisabledAfter":1615809600000,"node8WarnAfter":1600128000000}
[debug] [2026-01-13T11:27:17.319Z] <<< [apiv2][status] POST https://www.googleapis.com/oauth2/v3/token 400
[debug] [2026-01-13T11:27:17.319Z] <<< [apiv2][body] POST https://www.googleapis.com/oauth2/v3/token [omitted]
[debug] [2026-01-13T11:27:17.319Z] >>> [apiv2][query] GET https://firebase.googleapis.com/v1beta1/projects pageSize=1000
[debug] [2026-01-13T11:27:17.803Z] <<< [apiv2][status] GET https://firebase.googleapis.com/v1beta1/projects 401
[debug] [2026-01-13T11:27:17.803Z] <<< [apiv2][body] GET https://firebase.googleapis.com/v1beta1/projects [omitted]
[debug] [2026-01-13T11:27:17.804Z] Got a 401 Unauthenticated error for a call that required authentication. Refreshing tokens.
[debug] [2026-01-13T11:27:17.804Z] Checked if tokens are valid: false, expires at: 1767250793203
[debug] [2026-01-13T11:27:17.804Z] Checked if tokens are valid: false, expires at: 1767250793203
[debug] [2026-01-13T11:27:17.804Z] > refreshing access token with scopes: []
[debug] [2026-01-13T11:27:17.804Z] >>> [apiv2][query] POST https://www.googleapis.com/oauth2/v3/token [none]
[debug] [2026-01-13T11:27:17.804Z] >>> [apiv2][body] POST https://www.googleapis.com/oauth2/v3/token [omitted]
[debug] [2026-01-13T11:27:17.997Z] <<< [apiv2][status] POST https://www.googleapis.com/oauth2/v3/token 400
[debug] [2026-01-13T11:27:17.997Z] <<< [apiv2][body] POST https://www.googleapis.com/oauth2/v3/token [omitted]
[debug] [2026-01-13T11:27:17.999Z] Request to https://firebase.googleapis.com/v1beta1/projects?pageSize=1000 had HTTP Error: 401, Request had invalid authentication credentials. Expected OAuth 2 access token, login cookie or other valid authentication credential. See https://developers.google.com/identity/sign-in/web/devconsole-project.
[debug] [2026-01-13T11:27:18.421Z] FirebaseError: Request to https://firebase.googleapis.com/v1beta1/projects?pageSize=1000 had HTTP Error: 401, Request had invalid authentication credentials. Expected OAuth 2 access token, login cookie or other valid authentication credential. See https://developers.google.com/identity/sign-in/web/devconsole-project.
    at responseToError (C:\Users\harik\AppData\Roaming\npm\node_modules\firebase-tools\lib\responseToError.js:53:12)
    at RetryOperation._fn (C:\Users\harik\AppData\Roaming\npm\node_modules\firebase-tools\lib\apiv2.js:322:77)
    at process.processTicksAndRejections (node:internal/process/task_queues:105:5)
[error] 
[error] Error: Failed to list Firebase projects. See firebase-debug.log for more info.
